<?xml version="1.0" encoding="UTF-8"?>
<!-- Generated by org.testng.reporters.JUnitReportReporter -->
<testsuite hostname="DESKTOP-5B2Q11L" failures="0" tests="1" name="com.selenium.testcases.sampleTestcase" time="19.907" errors="0" timestamp="07 Mar 2022 08:58:09 GMT" skipped="0">
  <testcase classname="com.selenium.testcases.sampleTestcase" name="getPageTitle" time="19.907"/>
</testsuite> <!-- com.selenium.testcases.sampleTestcase -->
